<?xml version="1.0" encoding="UTF-8"?>
<!-- Generated by org.testng.reporters.JUnitXMLReporter -->
<testsuite ignored="0" hostname="AS101353" failures="0" tests="4" name="Sanity" time="2.476" errors="0" timestamp="2022-12-07T23:29:44 CST">
  <testcase classname="tests.LoginTest" name="dp" time="0.017"/>
  <testcase classname="tests.LoginTest" name="dp" time="0.003"/>
  <testcase classname="tests.LoginTest" name="test1" time="0.008"/>
  <testcase classname="io.cucumber.testng.AbstractTestNGCucumberTests" name="runScenario" time="0.4"/>
</testsuite> <!-- Sanity -->
