<?xml version="1.0" encoding="UTF-8"?>
<testng-results ignored="0" total="4" passed="4" failed="0" skipped="0">
  <reporter-output>
  </reporter-output>
  <suite started-at="2022-12-07T23:29:42 CST" name="Sanity Testing" finished-at="2022-12-07T23:29:44 CST" duration-ms="2476">
    <groups>
      <group name="cucumber">
        <method signature="AbstractTestNGCucumberTests.runScenario(io.cucumber.testng.PickleWrapper,io.cucumber.testng.FeatureWrapper)[pri:0, instance:feature.TestRunner@376a0d86]" name="runScenario" class="io.cucumber.testng.AbstractTestNGCucumberTests"/>
      </group> <!-- cucumber -->
    </groups>
    <test started-at="2022-12-07T23:29:42 CST" name="Sanity" finished-at="2022-12-07T23:29:44 CST" duration-ms="2476">
      <class name="tests.LoginTest">
        <test-method signature="dp(java.lang.String)[pri:0, instance:tests.LoginTest@5c86dbc5]" started-at="2022-12-07T23:29:42 CST" name="dp" data-provider="DP" finished-at="2022-12-07T23:29:42 CST" duration-ms="17" status="PASS">
          <params>
            <param index="0">
              <value>
                <![CDATA[alex]]>
              </value>
            </param>
          </params>
          <reporter-output>
          </reporter-output>
        </test-method> <!-- dp -->
        <test-method signature="dp(java.lang.String)[pri:0, instance:tests.LoginTest@5c86dbc5]" started-at="2022-12-07T23:29:42 CST" name="dp" data-provider="DP" finished-at="2022-12-07T23:29:42 CST" duration-ms="3" status="PASS">
          <params>
            <param index="0">
              <value>
                <![CDATA[nat]]>
              </value>
            </param>
          </params>
          <reporter-output>
          </reporter-output>
        </test-method> <!-- dp -->
        <test-method signature="test1()[pri:0, instance:tests.LoginTest@5c86dbc5]" started-at="2022-12-07T23:29:42 CST" name="test1" finished-at="2022-12-07T23:29:42 CST" duration-ms="8" status="PASS">
          <reporter-output>
          </reporter-output>
        </test-method> <!-- test1 -->
      </class> <!-- tests.LoginTest -->
      <class name="feature.TestRunner">
        <test-method is-config="true" signature="setUpClass(org.testng.ITestContext)[pri:0, instance:feature.TestRunner@376a0d86]" started-at="2022-12-07T23:29:42 CST" name="setUpClass" finished-at="2022-12-07T23:29:44 CST" duration-ms="1612" status="PASS">
          <params>
            <param index="0">
              <value>
                <![CDATA[org.testng.TestRunner@5cf8edcf]]>
              </value>
            </param>
          </params>
          <reporter-output>
          </reporter-output>
        </test-method> <!-- setUpClass -->
        <test-method signature="runScenario(io.cucumber.testng.PickleWrapper,io.cucumber.testng.FeatureWrapper)[pri:0, instance:feature.TestRunner@376a0d86]" started-at="2022-12-07T23:29:44 CST" name="runScenario" description="Runs Cucumber Scenarios" data-provider="scenarios" finished-at="2022-12-07T23:29:44 CST" duration-ms="400" status="PASS">
          <params>
            <param index="0">
              <value>
                <![CDATA["loginsuccessful"]]>
              </value>
            </param>
            <param index="1">
              <value>
                <![CDATA["logintest"]]>
              </value>
            </param>
          </params>
          <reporter-output>
          </reporter-output>
        </test-method> <!-- runScenario -->
        <test-method is-config="true" signature="tearDownClass()[pri:0, instance:feature.TestRunner@376a0d86]" started-at="2022-12-07T23:29:44 CST" name="tearDownClass" finished-at="2022-12-07T23:29:44 CST" duration-ms="238" status="PASS">
          <reporter-output>
          </reporter-output>
        </test-method> <!-- tearDownClass -->
      </class> <!-- feature.TestRunner -->
    </test> <!-- Sanity -->
  </suite> <!-- Sanity Testing -->
</testng-results>
